<?xml version="1.0" encoding="UTF-8"?>
<!-- Generated by org.testng.reporters.JUnitReportReporter -->
<testsuite skipped="0" hostname="ZIL267" name="TestNGTutorial.day1" tests="2" failures="0" timestamp="29 May 2021 10:30:46 GMT" time="0.010" errors="0">
  <testcase name="Demo2" time="0.002" classname="TestNGTutorial.day1"/>
  <testcase name="Demo1" time="0.008" classname="TestNGTutorial.day1"/>
</testsuite> <!-- TestNGTutorial.day1 -->
