<?xml version="1.0" encoding="UTF-8"?>
<!-- Generated by org.testng.reporters.JUnitReportReporter -->
<testsuite skipped="0" hostname="ZIL267" name="TestNG_Test" tests="4" failures="0" timestamp="04 Apr 2021 08:56:03 GMT" time="0.014" errors="0">
  <testcase name="addtocard" time="0.008" classname="TestNG_Test"/>
  <testcase name="login" time="0.001" classname="TestNG_Test"/>
  <testcase name="checkout" time="0.003" classname="TestNG_Test"/>
  <testcase name="homepage" time="0.002" classname="TestNG_Test"/>
</testsuite> <!-- TestNG_Test -->
